[debug] [2023-10-15T17:04:10.673Z] ----------------------------------------------------------------------
[debug] [2023-10-15T17:04:10.682Z] Command:       C:\Program Files (x86)\nodejs\node.exe C:\Users\ELCOT\AppData\Roaming\npm\node_modules\firebase-tools\lib\bin\firebase.js emulators:start
[debug] [2023-10-15T17:04:10.683Z] CLI Version:   12.7.0
[debug] [2023-10-15T17:04:10.685Z] Platform:      win32
[debug] [2023-10-15T17:04:10.686Z] Node Version:  v18.18.0
[debug] [2023-10-15T17:04:10.690Z] Time:          Sun Oct 15 2023 22:34:10 GMT+0530 (India Standard Time)
[debug] [2023-10-15T17:04:10.691Z] ----------------------------------------------------------------------
[debug] 
[debug] [2023-10-15T17:04:11.276Z] > command requires scopes: ["email","openid","https://www.googleapis.com/auth/cloudplatformprojects.readonly","https://www.googleapis.com/auth/firebase","https://www.googleapis.com/auth/cloud-platform"]
[debug] [2023-10-15T17:04:11.277Z] > authorizing via signed-in user (aarthi7813@gmail.com)
[info] i  emulators: Starting emulators: functions {"metadata":{"emulator":{"name":"hub"},"message":"Starting emulators: functions"}}
[debug] [2023-10-15T17:04:11.420Z] [logging] Logging Emulator only supports listening on one address (127.0.0.1). Not listening on ::1
[warn] !  ui: Emulator UI unable to start on port 4000, starting on 4001 instead. {"metadata":{"emulator":{"name":"ui"},"message":"Emulator UI unable to start on port 4000, starting on 4001 instead."}}
[debug] [2023-10-15T17:04:11.427Z] assigned listening specs for emulators {"user":{"hub":[{"address":"127.0.0.1","family":"IPv4","port":4400},{"address":"::1","family":"IPv6","port":4400}],"logging":[{"address":"127.0.0.1","family":"IPv4","port":4500}],"ui":[{"address":"127.0.0.1","family":"IPv4","port":4001},{"address":"::1","family":"IPv6","port":4001}]},"metadata":{"message":"assigned listening specs for emulators"}}
[debug] [2023-10-15T17:04:11.563Z] [hub] writing locator at C:\Users\ELCOT\AppData\Local\Temp\hub-e-comm-fa971.json
[debug] [2023-10-15T17:04:11.700Z] [functions] Functions Emulator only supports listening on one address (127.0.0.1). Not listening on ::1
[debug] [2023-10-15T17:04:11.701Z] [eventarc] Eventarc Emulator only supports listening on one address (127.0.0.1). Not listening on ::1
[debug] [2023-10-15T17:04:11.701Z] late-assigned ports for functions and eventarc emulators {"user":{"hub":[{"address":"127.0.0.1","family":"IPv4","port":4400},{"address":"::1","family":"IPv6","port":4400}],"logging":[{"address":"127.0.0.1","family":"IPv4","port":4500}],"ui":[{"address":"127.0.0.1","family":"IPv4","port":4001},{"address":"::1","family":"IPv6","port":4001}],"functions":[{"address":"127.0.0.1","family":"IPv4","port":5001}],"eventarc":[{"address":"127.0.0.1","family":"IPv4","port":9299}]},"metadata":{"message":"late-assigned ports for functions and eventarc emulators"}}
[warn] !  functions: The following emulators are not running, calls to these services from the Functions emulator will affect production: auth, firestore, database, hosting, pubsub, storage {"metadata":{"emulator":{"name":"functions"},"message":"The following emulators are not running, calls to these services from the Functions emulator will affect production: \u001b[1mauth, firestore, database, hosting, pubsub, storage\u001b[22m"}}
[debug] [2023-10-15T17:04:11.801Z] defaultcredentials: writing to file C:\Users\ELCOT\AppData\Roaming\firebase\aarthi7813_gmail_com_application_default_credentials.json
[debug] [2023-10-15T17:04:13.244Z] Setting GAC to C:\Users\ELCOT\AppData\Roaming\firebase\aarthi7813_gmail_com_application_default_credentials.json {"metadata":{"emulator":{"name":"functions"},"message":"Setting GAC to C:\\Users\\ELCOT\\AppData\\Roaming\\firebase\\aarthi7813_gmail_com_application_default_credentials.json"}}
[debug] [2023-10-15T17:04:13.254Z] >>> [apiv2][query] GET https://firebase.googleapis.com/v1beta1/projects/e-comm-fa971/adminSdkConfig [none]
[debug] [2023-10-15T17:04:13.988Z] <<< [apiv2][status] GET https://firebase.googleapis.com/v1beta1/projects/e-comm-fa971/adminSdkConfig 200
[debug] [2023-10-15T17:04:13.989Z] <<< [apiv2][body] GET https://firebase.googleapis.com/v1beta1/projects/e-comm-fa971/adminSdkConfig {"projectId":"e-comm-fa971","databaseURL":"https://e-comm-fa971-default-rtdb.asia-southeast1.firebasedatabase.app","storageBucket":"e-comm-fa971.appspot.com"}
[debug] [2023-10-15T17:04:14.302Z] Ignoring unsupported arg: auto_download {"metadata":{"emulator":{"name":"ui"},"message":"Ignoring unsupported arg: auto_download"}}
[debug] [2023-10-15T17:04:14.303Z] Ignoring unsupported arg: port {"metadata":{"emulator":{"name":"ui"},"message":"Ignoring unsupported arg: port"}}
[debug] [2023-10-15T17:04:14.303Z] Starting Emulator UI with command {"binary":"node","args":["C:\\Users\\ELCOT\\.cache\\firebase\\emulators\\ui-v1.11.7\\server\\server.js"],"optionalArgs":[],"joinArgs":false} {"metadata":{"emulator":{"name":"ui"},"message":"Starting Emulator UI with command {\"binary\":\"node\",\"args\":[\"C:\\\\Users\\\\ELCOT\\\\.cache\\\\firebase\\\\emulators\\\\ui-v1.11.7\\\\server\\\\server.js\"],\"optionalArgs\":[],\"joinArgs\":false}"}}
[info] i  ui: Emulator UI logging to ui-debug.log {"metadata":{"emulator":{"name":"ui"},"message":"Emulator UI logging to \u001b[1mui-debug.log\u001b[22m"}}
[debug] [2023-10-15T17:04:14.874Z] Web / API server started at 127.0.0.1:4001
 {"metadata":{"emulator":{"name":"ui"},"message":"Web / API server started at 127.0.0.1:4001\n"}}
[debug] [2023-10-15T17:04:14.875Z] Web / API server started at ::1:4001
 {"metadata":{"emulator":{"name":"ui"},"message":"Web / API server started at ::1:4001\n"}}
[info] i  functions: Watching "C:\Users\ELCOT\Desktop\app\e-commerce\functions" for Cloud Functions... {"metadata":{"emulator":{"name":"functions"},"message":"Watching \"C:\\Users\\ELCOT\\Desktop\\app\\e-commerce\\functions\" for Cloud Functions..."}}
[debug] [2023-10-15T17:04:14.902Z] Validating nodejs source
[debug] [2023-10-15T17:04:25.016Z] checkFunctionsSDKVersion was unable to fetch information from NPM Error: spawnSync C:\Windows\system32\cmd.exe ETIMEDOUT
    at Object.spawnSync (node:internal/child_process:1117:20)
    at Object.spawnSync (node:child_process:876:24)
    at Function.spawnSync [as sync] (C:\Users\ELCOT\AppData\Roaming\npm\node_modules\firebase-tools\node_modules\cross-spawn\index.js:26:23)
    at Object.getLatestSDKVersion (C:\Users\ELCOT\AppData\Roaming\npm\node_modules\firebase-tools\lib\deploy\functions\runtimes\node\versioning.js:54:25)
    at Object.checkFunctionsSDKVersion (C:\Users\ELCOT\AppData\Roaming\npm\node_modules\firebase-tools\lib\deploy\functions\runtimes\node\versioning.js:74:32)
    at Delegate.validate (C:\Users\ELCOT\AppData\Roaming\npm\node_modules\firebase-tools\lib\deploy\functions\runtimes\node\index.js:84:20)
    at FunctionsEmulator.discoverTriggers (C:\Users\ELCOT\AppData\Roaming\npm\node_modules\firebase-tools\lib\emulator\functionsEmulator.js:296:35)
    at async FunctionsEmulator.loadTriggers (C:\Users\ELCOT\AppData\Roaming\npm\node_modules\firebase-tools\lib\emulator\functionsEmulator.js:325:34)
    at async FunctionsEmulator.connect (C:\Users\ELCOT\AppData\Roaming\npm\node_modules\firebase-tools\lib\emulator\functionsEmulator.js:262:13)
    at async Object.startAll (C:\Users\ELCOT\AppData\Roaming\npm\node_modules\firebase-tools\lib\emulator\controller.js:565:13)
[debug] [2023-10-15T17:04:25.019Z] > [functions] package.json contents: {
  "name": "functions",
  "description": "Cloud Functions for Firebase",
  "scripts": {
    "lint": "eslint .",
    "serve": "firebase emulators:start --only functions",
    "shell": "firebase functions:shell",
    "start": "npm run shell",
    "deploy": "firebase deploy --only functions",
    "logs": "firebase functions:log"
  },
  "engines": {
    "node": "18"
  },
  "main": "index.js",
  "dependencies": {
    "firebase-admin": "^11.8.0",
    "firebase-functions": "^4.3.1"
  },
  "devDependencies": {
    "eslint": "^8.15.0",
    "eslint-config-google": "^0.14.0",
    "firebase-functions-test": "^3.1.0"
  },
  "private": true
}
[debug] [2023-10-15T17:04:25.020Z] Building nodejs source
[debug] [2023-10-15T17:04:25.022Z] Failed to find version of module node: reached end of search path C:\Users\ELCOT\Desktop\app\e-commerce\functions\node_modules
[info] +  functions: Using node@18 from host. 
[debug] [2023-10-15T17:04:25.031Z] Could not find functions.yaml. Must use http discovery
[debug] [2023-10-15T17:04:25.226Z] Found firebase-functions binary at 'C:\Users\ELCOT\Desktop\app\e-commerce\functions\node_modules\.bin\firebase-functions'
[info] Serving at port 8229

[info] shutdown requested via /__/quitquitquit

[error] !!  functions: Failed to load function definition from source: FirebaseError: User code failed to load. Cannot determine backend specification {"metadata":{"emulator":{"name":"functions"},"message":"Failed to load function definition from source: FirebaseError: User code failed to load. Cannot determine backend specification"}}
[info] 
┌─────────────────────────────────────────────────────────────┐
│ ✔  All emulators ready! It is now safe to connect your app. │
│ i  View Emulator UI at http://127.0.0.1:4001/               │
└─────────────────────────────────────────────────────────────┘

┌───────────┬────────────────┬─────────────────────────────────┐
│ Emulator  │ Host:Port      │ View in Emulator UI             │
├───────────┼────────────────┼─────────────────────────────────┤
│ Functions │ 127.0.0.1:5001 │ http://127.0.0.1:4001/functions │
└───────────┴────────────────┴─────────────────────────────────┘
  Emulator Hub running at 127.0.0.1:4400
  Other reserved ports: 4500

Issues? Report them at https://github.com/firebase/firebase-tools/issues and attach the *-debug.log files.
 
[debug] [2023-10-15T17:05:10.841Z] File C:\Users\ELCOT\Desktop\app\e-commerce\functions\index.js changed, reloading triggers {"metadata":{"emulator":{"name":"functions"},"message":"File C:\\Users\\ELCOT\\Desktop\\app\\e-commerce\\functions\\index.js changed, reloading triggers"}}
[debug] [2023-10-15T17:05:11.854Z] Validating nodejs source
